----------- Run 0 -----------
batches order:  [0, 8, 3, 2, 7, 1, 5, 4, 6]
-----------------------------
obj train: 9 [[0, 5, 10, 15, 20, 25, 30, 35, 40, 45], [1, 6, 11, 16, 21], [2, 7, 12, 17, 22], [3, 8, 13, 18, 23], [4, 9, 14, 19, 24], [26, 31, 36, 41, 46], [27, 32, 37, 42, 47], [28, 33, 38, 43, 48], [29, 34, 39, 44, 49]]
obj test: 50 [0, 1, 2, 3, 4, 5, 6, 7, 8, 9, 10, 11, 12, 13, 14, 15, 16, 17, 18, 19, 20, 21, 22, 23, 24, 25, 26, 27, 28, 29, 30, 31, 32, 33, 34, 35, 36, 37, 38, 39, 40, 41, 42, 43, 44, 45, 46, 47, 48, 49]
Batch: 0, name: train_batch_00 (size 23980), Accuracy: 0.07897777777777777
[Train-net] avg. new weights: 0.060522594
[Train-net] avg. new biases: 0.26254332
[Train-net] avg. other weights: -0.000751311
[Train-net] avg. other biases: -0.0062202015
[Train-net] tot weights avg. : 0.011503471
[Test-net] avg. new weights: 0.060522594
[Test-net] avg. new biases: 0.26254332
[Test-net] avg. other weights: -0.000751311
[Test-net] avg. other biases: -0.0062202015
Acc. per class:
0: 0.335     	1: 0.0       	2: 0.0       	3: 0.0       	4: 0.0       	
5: 0.315     	6: 0.0       	7: 0.0       	8: 0.0       	9: 0.0       	
10: 0.049     	11: 0.0       	12: 0.0       	13: 0.0       	14: 0.0       	
15: 0.124     	16: 0.0       	17: 0.0       	18: 0.0       	19: 0.0       	
20: 0.256     	21: 0.0       	22: 0.0       	23: 0.0       	24: 0.0       	
25: 0.406     	26: 0.0       	27: 0.0       	28: 0.0       	29: 0.0       	
30: 0.911     	31: 0.0       	32: 0.0       	33: 0.0       	34: 0.0       	
35: 0.186     	36: 0.0       	37: 0.0       	38: 0.0       	39: 0.0       	
40: 0.983     	41: 0.0       	42: 0.0       	43: 0.0       	44: 0.0       	
45: 0.382     	46: 0.0       	47: 0.0       	48: 0.0       	49: 0.0       	
----------------------------
Batch: 1, name: train_batch_01 (size 35973), Accuracy: 0.28055555555555556
[Train-net] avg. new weights: 0.00569974
[Train-net] avg. new biases: 0.024534058
[Train-net] avg. other weights: -0.0005587438
[Train-net] avg. other biases: -0.0057576653
[Train-net] tot weights avg. : 0.0013188012
[Test-net] avg. new weights: 0.00569974
[Test-net] avg. new biases: 0.024534058
[Test-net] avg. other weights: -0.0005587438
[Test-net] avg. other biases: -0.0057576653
Acc. per class:
0: 0.986     	1: 0.0       	2: 0.0       	3: 0.0       	4: 0.0       	
5: 0.949     	6: 0.0       	7: 0.0       	8: 0.0       	9: 0.0       	
10: 0.931     	11: 0.0       	12: 0.0       	13: 0.0       	14: 0.0       	
15: 0.877     	16: 0.0       	17: 0.0       	18: 0.0       	19: 0.0       	
20: 0.952     	21: 0.0       	22: 0.0       	23: 0.0       	24: 0.0       	
25: 0.839     	26: 0.0       	27: 0.0       	28: 0.0       	29: 0.829     	
30: 0.994     	31: 0.0       	32: 0.0       	33: 0.0       	34: 0.991     	
35: 0.976     	36: 0.0       	37: 0.0       	38: 0.0       	39: 0.898     	
40: 0.992     	41: 0.0       	42: 0.0       	43: 0.0       	44: 0.993     	
45: 0.957     	46: 0.0       	47: 0.0       	48: 0.0       	49: 0.867     	
----------------------------
Batch: 2, name: train_batch_02 (size 47963), Accuracy: 0.3516888888888889
[Train-net] avg. new weights: 0.0048992313
[Train-net] avg. new biases: 0.016959783
[Train-net] avg. other weights: -0.0005850141
[Train-net] avg. other biases: -0.0033557494
[Train-net] tot weights avg. : 0.0016086841
[Test-net] avg. new weights: 0.0048992313
[Test-net] avg. new biases: 0.016959783
[Test-net] avg. other weights: -0.0005850141
[Test-net] avg. other biases: -0.0033557494
Acc. per class:
0: 0.937     	1: 0.0       	2: 0.862     	3: 0.0       	4: 0.0       	
5: 0.886     	6: 0.0       	7: 0.708     	8: 0.0       	9: 0.0       	
10: 0.944     	11: 0.0       	12: 0.514     	13: 0.0       	14: 0.0       	
15: 0.876     	16: 0.0       	17: 0.982     	18: 0.0       	19: 0.0       	
20: 0.9       	21: 0.0       	22: 0.923     	23: 0.0       	24: 0.0       	
25: 0.797     	26: 0.0       	27: 0.0       	28: 0.0       	29: 0.708     	
30: 0.996     	31: 0.0       	32: 0.0       	33: 0.0       	34: 0.969     	
35: 0.97      	36: 0.0       	37: 0.0       	38: 0.0       	39: 0.881     	
40: 0.957     	41: 0.0       	42: 0.0       	43: 0.0       	44: 0.992     	
45: 0.958     	46: 0.0       	47: 0.0       	48: 0.0       	49: 0.827     	
----------------------------
Batch: 3, name: train_batch_03 (size 59956), Accuracy: 0.43746666666666667
[Train-net] avg. new weights: 0.0044250633
[Train-net] avg. new biases: 0.018319452
[Train-net] avg. other weights: -0.0006556969
[Train-net] avg. other biases: -0.005991425
[Train-net] tot weights avg. : 0.001884683
[Test-net] avg. new weights: 0.0044250633
[Test-net] avg. new biases: 0.018319452
[Test-net] avg. other weights: -0.0006556969
[Test-net] avg. other biases: -0.005991425
Acc. per class:
0: 0.94      	1: 0.0       	2: 0.857     	3: 0.0       	4: 0.0       	
5: 0.858     	6: 0.0       	7: 0.768     	8: 0.0       	9: 0.0       	
10: 0.89      	11: 0.0       	12: 0.564     	13: 0.0       	14: 0.0       	
15: 0.884     	16: 0.0       	17: 0.974     	18: 0.0       	19: 0.0       	
20: 0.832     	21: 0.0       	22: 0.908     	23: 0.0       	24: 0.0       	
25: 0.85      	26: 0.843     	27: 0.0       	28: 0.0       	29: 0.559     	
30: 0.991     	31: 0.991     	32: 0.0       	33: 0.0       	34: 0.994     	
35: 0.943     	36: 0.958     	37: 0.0       	38: 0.0       	39: 0.865     	
40: 0.911     	41: 0.847     	42: 0.0       	43: 0.0       	44: 0.945     	
45: 0.922     	46: 0.95      	47: 0.0       	48: 0.0       	49: 0.836     	
----------------------------
Batch: 4, name: train_batch_04 (size 71945), Accuracy: 0.5138222222222222
[Train-net] avg. new weights: 0.0040747193
[Train-net] avg. new biases: 0.016357105
[Train-net] avg. other weights: -0.0006699782
[Train-net] avg. other biases: -0.005461472
[Train-net] tot weights avg. : 0.0021768406
[Test-net] avg. new weights: 0.0040747193
[Test-net] avg. new biases: 0.016357105
[Test-net] avg. other weights: -0.0006699782
[Test-net] avg. other biases: -0.005461472
Acc. per class:
0: 0.942     	1: 0.0       	2: 0.75      	3: 0.0       	4: 0.916     	
5: 0.884     	6: 0.0       	7: 0.683     	8: 0.0       	9: 0.701     	
10: 0.886     	11: 0.0       	12: 0.553     	13: 0.0       	14: 0.922     	
15: 0.898     	16: 0.0       	17: 0.929     	18: 0.0       	19: 0.898     	
20: 0.862     	21: 0.0       	22: 0.919     	23: 0.0       	24: 0.857     	
25: 0.799     	26: 0.752     	27: 0.0       	28: 0.0       	29: 0.522     	
30: 0.992     	31: 0.989     	32: 0.0       	33: 0.0       	34: 0.984     	
35: 0.956     	36: 0.947     	37: 0.0       	38: 0.0       	39: 0.818     	
40: 0.897     	41: 0.828     	42: 0.0       	43: 0.0       	44: 0.998     	
45: 0.882     	46: 0.913     	47: 0.0       	48: 0.0       	49: 0.82      	
----------------------------
Batch: 5, name: train_batch_05 (size 83924), Accuracy: 0.5890222222222222
[Train-net] avg. new weights: 0.003678321
[Train-net] avg. new biases: 0.014297368
[Train-net] avg. other weights: -0.00060936634
[Train-net] avg. other biases: -0.0048195394
[Train-net] tot weights avg. : 0.002392015
[Test-net] avg. new weights: 0.003678321
[Test-net] avg. new biases: 0.014297368
[Test-net] avg. other weights: -0.00060936634
[Test-net] avg. other biases: -0.0048195394
Acc. per class:
0: 0.908     	1: 0.796     	2: 0.682     	3: 0.0       	4: 0.898     	
5: 0.895     	6: 0.643     	7: 0.766     	8: 0.0       	9: 0.683     	
10: 0.946     	11: 0.752     	12: 0.562     	13: 0.0       	14: 0.962     	
15: 0.779     	16: 0.792     	17: 0.869     	18: 0.0       	19: 0.881     	
20: 0.881     	21: 0.883     	22: 0.914     	23: 0.0       	24: 0.859     	
25: 0.828     	26: 0.804     	27: 0.0       	28: 0.0       	29: 0.621     	
30: 0.976     	31: 0.986     	32: 0.0       	33: 0.0       	34: 0.984     	
35: 0.957     	36: 0.925     	37: 0.0       	38: 0.0       	39: 0.842     	
40: 0.889     	41: 0.803     	42: 0.0       	43: 0.0       	44: 0.94      	
45: 0.854     	46: 0.885     	47: 0.0       	48: 0.0       	49: 0.808     	
----------------------------
Batch: 6, name: train_batch_06 (size 95914), Accuracy: 0.6560666666666667
[Train-net] avg. new weights: 0.003417521
[Train-net] avg. new biases: 0.013545451
[Train-net] avg. other weights: -0.00061592105
[Train-net] avg. other biases: -0.0058057145
[Train-net] tot weights avg. : 0.0026108325
[Test-net] avg. new weights: 0.003417521
[Test-net] avg. new biases: 0.013545451
[Test-net] avg. other weights: -0.00061592105
[Test-net] avg. other biases: -0.0058057145
Acc. per class:
0: 0.911     	1: 0.724     	2: 0.751     	3: 0.569     	4: 0.854     	
5: 0.891     	6: 0.594     	7: 0.648     	8: 0.663     	9: 0.662     	
10: 0.919     	11: 0.694     	12: 0.473     	13: 0.822     	14: 0.952     	
15: 0.775     	16: 0.729     	17: 0.899     	18: 0.962     	19: 0.892     	
20: 0.866     	21: 0.902     	22: 0.912     	23: 0.942     	24: 0.838     	
25: 0.832     	26: 0.737     	27: 0.0       	28: 0.0       	29: 0.528     	
30: 0.987     	31: 0.984     	32: 0.0       	33: 0.0       	34: 0.98      	
35: 0.959     	36: 0.925     	37: 0.0       	38: 0.0       	39: 0.85      	
40: 0.894     	41: 0.808     	42: 0.0       	43: 0.0       	44: 0.892     	
45: 0.847     	46: 0.903     	47: 0.0       	48: 0.0       	49: 0.828     	
----------------------------
Batch: 7, name: train_batch_07 (size 107901), Accuracy: 0.7487777777777778
[Train-net] avg. new weights: 0.0031509218
[Train-net] avg. new biases: 0.012907922
[Train-net] avg. other weights: -0.00054285186
[Train-net] avg. other biases: -0.009555103
[Train-net] tot weights avg. : 0.0027815446
[Test-net] avg. new weights: 0.0031509218
[Test-net] avg. new biases: 0.012907922
[Test-net] avg. other weights: -0.00054285186
[Test-net] avg. other biases: -0.009555103
Acc. per class:
0: 0.928     	1: 0.779     	2: 0.724     	3: 0.584     	4: 0.8       	
5: 0.864     	6: 0.538     	7: 0.704     	8: 0.662     	9: 0.706     	
10: 0.906     	11: 0.726     	12: 0.518     	13: 0.819     	14: 0.947     	
15: 0.746     	16: 0.682     	17: 0.84      	18: 0.947     	19: 0.938     	
20: 0.863     	21: 0.889     	22: 0.906     	23: 0.972     	24: 0.853     	
25: 0.852     	26: 0.828     	27: 0.856     	28: 0.0       	29: 0.536     	
30: 0.986     	31: 0.969     	32: 0.968     	33: 0.0       	34: 0.979     	
35: 0.976     	36: 0.948     	37: 0.912     	38: 0.0       	39: 0.827     	
40: 0.882     	41: 0.866     	42: 0.849     	43: 0.0       	44: 0.901     	
45: 0.88      	46: 0.899     	47: 0.889     	48: 0.0       	49: 0.802     	
----------------------------
Batch: 8, name: train_batch_08 (size 119894), Accuracy: 0.8215333333333333
[Train-net] avg. new weights: 0.0030594722
[Train-net] avg. new biases: 0.011786158
[Train-net] avg. other weights: nan
[Train-net] avg. other biases: nan
[Train-net] tot weights avg. : 0.0030594722
[Test-net] avg. new weights: 0.0030594722
[Test-net] avg. new biases: 0.011786158
[Test-net] avg. other weights: nan
[Test-net] avg. other biases: nan
Acc. per class:
0: 0.927     	1: 0.687     	2: 0.723     	3: 0.489     	4: 0.827     	
5: 0.886     	6: 0.572     	7: 0.688     	8: 0.621     	9: 0.713     	
10: 0.942     	11: 0.733     	12: 0.459     	13: 0.849     	14: 0.938     	
15: 0.782     	16: 0.669     	17: 0.855     	18: 0.956     	19: 0.893     	
20: 0.861     	21: 0.879     	22: 0.897     	23: 0.963     	24: 0.829     	
25: 0.782     	26: 0.813     	27: 0.887     	28: 0.717     	29: 0.504     	
30: 0.984     	31: 0.993     	32: 0.961     	33: 0.997     	34: 0.978     	
35: 0.969     	36: 0.909     	37: 0.859     	38: 0.818     	39: 0.844     	
40: 0.906     	41: 0.812     	42: 0.809     	43: 0.796     	44: 0.92      	
45: 0.845     	46: 0.879     	47: 0.892     	48: 0.77      	49: 0.798     	
----------------------------
