----------- Run 0 -----------
batches order:  [0, 8, 3, 2, 7, 1, 5, 4, 6]
-----------------------------
obj train: 9 [[0, 5, 10, 15, 20, 25, 30, 35, 40, 45], [1, 6, 11, 16, 21], [2, 7, 12, 17, 22], [3, 8, 13, 18, 23], [4, 9, 14, 19, 24], [26, 31, 36, 41, 46], [27, 32, 37, 42, 47], [28, 33, 38, 43, 48], [29, 34, 39, 44, 49]]
obj test: 50 [0, 1, 2, 3, 4, 5, 6, 7, 8, 9, 10, 11, 12, 13, 14, 15, 16, 17, 18, 19, 20, 21, 22, 23, 24, 25, 26, 27, 28, 29, 30, 31, 32, 33, 34, 35, 36, 37, 38, 39, 40, 41, 42, 43, 44, 45, 46, 47, 48, 49]
Batch: 0, name: train_batch_00 (size 23980), Accuracy: 0.17148888888888889
[Train-net] avg. new weights: 0.13747337
[Train-net] avg. new biases: 0.26910996
[Train-net] avg. other weights: -0.0029206001
[Train-net] avg. other biases: -0.0046389326
[Train-net] tot weights avg. : 0.025158193
[Test-net] avg. new weights: 0.13747337
[Test-net] avg. new biases: 0.26910996
[Test-net] avg. other weights: -0.0029206001
[Test-net] avg. other biases: -0.0046389326
Acc. per class:
0: 0.728     	1: 0.0       	2: 0.0       	3: 0.0       	4: 0.0       	
5: 0.75      	6: 0.0       	7: 0.0       	8: 0.0       	9: 0.0       	
10: 0.888     	11: 0.0       	12: 0.0       	13: 0.0       	14: 0.0       	
15: 0.919     	16: 0.0       	17: 0.0       	18: 0.0       	19: 0.0       	
20: 0.901     	21: 0.0       	22: 0.0       	23: 0.0       	24: 0.0       	
25: 0.785     	26: 0.0       	27: 0.0       	28: 0.0       	29: 0.0       	
30: 0.973     	31: 0.0       	32: 0.0       	33: 0.0       	34: 0.0       	
35: 0.859     	36: 0.0       	37: 0.0       	38: 0.0       	39: 0.0       	
40: 0.98      	41: 0.0       	42: 0.0       	43: 0.0       	44: 0.0       	
45: 0.789     	46: 0.0       	47: 0.0       	48: 0.0       	49: 0.0       	
----------------------------
Batch: 1, name: train_batch_01 (size 35973), Accuracy: 0.251
[Train-net] avg. new weights: 0.014578559
[Train-net] avg. new biases: 0.036099546
[Train-net] avg. other weights: -0.0021000043
[Train-net] avg. other biases: -0.0041375207
[Train-net] tot weights avg. : 0.0029035648
[Test-net] avg. new weights: 0.014578559
[Test-net] avg. new biases: 0.036099546
[Test-net] avg. other weights: -0.0021000043
[Test-net] avg. other biases: -0.0041375207
Acc. per class:
0: 0.83      	1: 0.0       	2: 0.0       	3: 0.0       	4: 0.0       	
5: 0.824     	6: 0.0       	7: 0.0       	8: 0.0       	9: 0.0       	
10: 0.821     	11: 0.0       	12: 0.0       	13: 0.0       	14: 0.0       	
15: 0.795     	16: 0.0       	17: 0.0       	18: 0.0       	19: 0.0       	
20: 0.923     	21: 0.0       	22: 0.0       	23: 0.0       	24: 0.0       	
25: 0.834     	26: 0.0       	27: 0.0       	28: 0.0       	29: 0.538     	
30: 0.966     	31: 0.0       	32: 0.0       	33: 0.0       	34: 0.958     	
35: 0.842     	36: 0.0       	37: 0.0       	38: 0.0       	39: 0.864     	
40: 0.954     	41: 0.0       	42: 0.0       	43: 0.0       	44: 0.989     	
45: 0.838     	46: 0.0       	47: 0.0       	48: 0.0       	49: 0.572     	
----------------------------
Batch: 2, name: train_batch_02 (size 47963), Accuracy: 0.31666666666666665
[Train-net] avg. new weights: 0.01319209
[Train-net] avg. new biases: 0.030620363
[Train-net] avg. other weights: -0.0022222644
[Train-net] avg. other biases: -0.0034898133
[Train-net] tot weights avg. : 0.0039434773
[Test-net] avg. new weights: 0.01319209
[Test-net] avg. new biases: 0.030620363
[Test-net] avg. other weights: -0.0022222644
[Test-net] avg. other biases: -0.0034898133
Acc. per class:
0: 0.799     	1: 0.0       	2: 0.821     	3: 0.0       	4: 0.0       	
5: 0.807     	6: 0.0       	7: 0.645     	8: 0.0       	9: 0.0       	
10: 0.75      	11: 0.0       	12: 0.611     	13: 0.0       	14: 0.0       	
15: 0.749     	16: 0.0       	17: 0.787     	18: 0.0       	19: 0.0       	
20: 0.841     	21: 0.0       	22: 0.853     	23: 0.0       	24: 0.0       	
25: 0.784     	26: 0.0       	27: 0.0       	28: 0.0       	29: 0.521     	
30: 0.947     	31: 0.0       	32: 0.0       	33: 0.0       	34: 0.978     	
35: 0.85      	36: 0.0       	37: 0.0       	38: 0.0       	39: 0.825     	
40: 0.969     	41: 0.0       	42: 0.0       	43: 0.0       	44: 0.978     	
45: 0.739     	46: 0.0       	47: 0.0       	48: 0.0       	49: 0.575     	
----------------------------
Batch: 3, name: train_batch_03 (size 59956), Accuracy: 0.3806
[Train-net] avg. new weights: 0.012097462
[Train-net] avg. new biases: 0.029193565
[Train-net] avg. other weights: -0.0022680345
[Train-net] avg. other biases: -0.0047677164
[Train-net] tot weights avg. : 0.004914714
[Test-net] avg. new weights: 0.012097462
[Test-net] avg. new biases: 0.029193565
[Test-net] avg. other weights: -0.0022680345
[Test-net] avg. other biases: -0.0047677164
Acc. per class:
0: 0.776     	1: 0.0       	2: 0.788     	3: 0.0       	4: 0.0       	
5: 0.759     	6: 0.0       	7: 0.505     	8: 0.0       	9: 0.0       	
10: 0.591     	11: 0.0       	12: 0.645     	13: 0.0       	14: 0.0       	
15: 0.749     	16: 0.0       	17: 0.727     	18: 0.0       	19: 0.0       	
20: 0.794     	21: 0.0       	22: 0.852     	23: 0.0       	24: 0.0       	
25: 0.832     	26: 0.587     	27: 0.0       	28: 0.0       	29: 0.463     	
30: 0.962     	31: 0.97      	32: 0.0       	33: 0.0       	34: 0.948     	
35: 0.837     	36: 0.884     	37: 0.0       	38: 0.0       	39: 0.781     	
40: 0.91      	41: 0.715     	42: 0.0       	43: 0.0       	44: 0.913     	
45: 0.639     	46: 0.839     	47: 0.0       	48: 0.0       	49: 0.568     	
----------------------------
Batch: 4, name: train_batch_04 (size 71945), Accuracy: 0.43173333333333336
[Train-net] avg. new weights: 0.011329199
[Train-net] avg. new biases: 0.02727935
[Train-net] avg. other weights: -0.0022842784
[Train-net] avg. other biases: -0.00523511
[Train-net] tot weights avg. : 0.0058838082
[Test-net] avg. new weights: 0.011329199
[Test-net] avg. new biases: 0.02727935
[Test-net] avg. other weights: -0.0022842784
[Test-net] avg. other biases: -0.00523511
Acc. per class:
0: 0.783     	1: 0.0       	2: 0.712     	3: 0.0       	4: 0.683     	
5: 0.677     	6: 0.0       	7: 0.438     	8: 0.0       	9: 0.463     	
10: 0.632     	11: 0.0       	12: 0.622     	13: 0.0       	14: 0.946     	
15: 0.783     	16: 0.0       	17: 0.797     	18: 0.0       	19: 0.356     	
20: 0.799     	21: 0.0       	22: 0.802     	23: 0.0       	24: 0.581     	
25: 0.749     	26: 0.572     	27: 0.0       	28: 0.0       	29: 0.412     	
30: 0.956     	31: 0.98      	32: 0.0       	33: 0.0       	34: 0.859     	
35: 0.834     	36: 0.861     	37: 0.0       	38: 0.0       	39: 0.751     	
40: 0.909     	41: 0.694     	42: 0.0       	43: 0.0       	44: 0.909     	
45: 0.627     	46: 0.871     	47: 0.0       	48: 0.0       	49: 0.531     	
----------------------------
Batch: 5, name: train_batch_05 (size 83924), Accuracy: 0.48606666666666665
[Train-net] avg. new weights: 0.0108873295
[Train-net] avg. new biases: 0.026352115
[Train-net] avg. other weights: -0.0023003593
[Train-net] avg. other biases: -0.006555988
[Train-net] tot weights avg. : 0.006931023
[Test-net] avg. new weights: 0.0108873295
[Test-net] avg. new biases: 0.026352115
[Test-net] avg. other weights: -0.0023003593
[Test-net] avg. other biases: -0.006555988
Acc. per class:
0: 0.801     	1: 0.579     	2: 0.679     	3: 0.0       	4: 0.69      	
5: 0.726     	6: 0.6       	7: 0.31      	8: 0.0       	9: 0.456     	
10: 0.659     	11: 0.49      	12: 0.636     	13: 0.0       	14: 0.953     	
15: 0.644     	16: 0.426     	17: 0.717     	18: 0.0       	19: 0.394     	
20: 0.794     	21: 0.796     	22: 0.78      	23: 0.0       	24: 0.526     	
25: 0.79      	26: 0.66      	27: 0.0       	28: 0.0       	29: 0.431     	
30: 0.949     	31: 0.972     	32: 0.0       	33: 0.0       	34: 0.911     	
35: 0.836     	36: 0.854     	37: 0.0       	38: 0.0       	39: 0.749     	
40: 0.903     	41: 0.669     	42: 0.0       	43: 0.0       	44: 0.884     	
45: 0.676     	46: 0.793     	47: 0.0       	48: 0.0       	49: 0.571     	
----------------------------
Batch: 6, name: train_batch_06 (size 95914), Accuracy: 0.5397333333333333
[Train-net] avg. new weights: 0.010179082
[Train-net] avg. new biases: 0.02319107
[Train-net] avg. other weights: -0.0024720195
[Train-net] avg. other biases: -0.0027695238
[Train-net] tot weights avg. : 0.007648861
[Test-net] avg. new weights: 0.010179082
[Test-net] avg. new biases: 0.02319107
[Test-net] avg. other weights: -0.0024720195
[Test-net] avg. other biases: -0.0027695238
Acc. per class:
0: 0.817     	1: 0.466     	2: 0.717     	3: 0.354     	4: 0.684     	
5: 0.701     	6: 0.523     	7: 0.229     	8: 0.363     	9: 0.46      	
10: 0.657     	11: 0.528     	12: 0.599     	13: 0.679     	14: 0.968     	
15: 0.557     	16: 0.427     	17: 0.746     	18: 0.876     	19: 0.47      	
20: 0.774     	21: 0.799     	22: 0.724     	23: 0.88      	24: 0.511     	
25: 0.775     	26: 0.658     	27: 0.0       	28: 0.0       	29: 0.459     	
30: 0.956     	31: 0.967     	32: 0.0       	33: 0.0       	34: 0.879     	
35: 0.811     	36: 0.794     	37: 0.0       	38: 0.0       	39: 0.707     	
40: 0.913     	41: 0.569     	42: 0.0       	43: 0.0       	44: 0.912     	
45: 0.657     	46: 0.853     	47: 0.0       	48: 0.0       	49: 0.571     	
----------------------------
Batch: 7, name: train_batch_07 (size 107901), Accuracy: 0.6102666666666666
[Train-net] avg. new weights: 0.009443287
[Train-net] avg. new biases: 0.022175618
[Train-net] avg. other weights: -0.002486791
[Train-net] avg. other biases: -0.0067064976
[Train-net] tot weights avg. : 0.008250278
[Test-net] avg. new weights: 0.009443287
[Test-net] avg. new biases: 0.022175618
[Test-net] avg. other weights: -0.002486791
[Test-net] avg. other biases: -0.0067064976
Acc. per class:
0: 0.819     	1: 0.432     	2: 0.66      	3: 0.329     	4: 0.679     	
5: 0.679     	6: 0.6       	7: 0.274     	8: 0.34      	9: 0.454     	
10: 0.646     	11: 0.478     	12: 0.527     	13: 0.67      	14: 0.947     	
15: 0.506     	16: 0.401     	17: 0.717     	18: 0.903     	19: 0.387     	
20: 0.819     	21: 0.832     	22: 0.7       	23: 0.843     	24: 0.564     	
25: 0.796     	26: 0.631     	27: 0.778     	28: 0.0       	29: 0.454     	
30: 0.976     	31: 0.975     	32: 0.959     	33: 0.0       	34: 0.851     	
35: 0.86      	36: 0.773     	37: 0.763     	38: 0.0       	39: 0.746     	
40: 0.897     	41: 0.484     	42: 0.759     	43: 0.0       	44: 0.787     	
45: 0.647     	46: 0.79      	47: 0.796     	48: 0.0       	49: 0.586     	
----------------------------
Batch: 8, name: train_batch_08 (size 119894), Accuracy: 0.6843555555555556
[Train-net] avg. new weights: 0.009121395
[Train-net] avg. new biases: 0.021162495
[Train-net] avg. other weights: nan
[Train-net] avg. other biases: nan
[Train-net] tot weights avg. : 0.009121395
[Test-net] avg. new weights: 0.009121395
[Test-net] avg. new biases: 0.021162495
[Test-net] avg. other weights: nan
[Test-net] avg. other biases: nan
Acc. per class:
0: 0.809     	1: 0.469     	2: 0.641     	3: 0.347     	4: 0.634     	
5: 0.648     	6: 0.629     	7: 0.274     	8: 0.33      	9: 0.472     	
10: 0.711     	11: 0.51      	12: 0.578     	13: 0.64      	14: 0.952     	
15: 0.58      	16: 0.404     	17: 0.699     	18: 0.887     	19: 0.489     	
20: 0.759     	21: 0.802     	22: 0.76      	23: 0.851     	24: 0.587     	
25: 0.879     	26: 0.667     	27: 0.77      	28: 0.623     	29: 0.383     	
30: 0.964     	31: 0.97      	32: 0.928     	33: 0.964     	34: 0.944     	
35: 0.857     	36: 0.832     	37: 0.71      	38: 0.628     	39: 0.795     	
40: 0.89      	41: 0.508     	42: 0.77      	43: 0.651     	44: 0.734     	
45: 0.635     	46: 0.774     	47: 0.753     	48: 0.497     	49: 0.627     	
----------------------------
