----------- Run 0 -----------
batches order:  [0, 8, 3, 2, 7, 1, 5, 4, 6]
-----------------------------
obj train: 9 [[0, 5, 10, 15, 20, 25, 30, 35, 40, 45], [1, 6, 11, 16, 21], [2, 7, 12, 17, 22], [3, 8, 13, 18, 23], [4, 9, 14, 19, 24], [26, 31, 36, 41, 46], [27, 32, 37, 42, 47], [28, 33, 38, 43, 48], [29, 34, 39, 44, 49]]
obj test: 50 [0, 1, 2, 3, 4, 5, 6, 7, 8, 9, 10, 11, 12, 13, 14, 15, 16, 17, 18, 19, 20, 21, 22, 23, 24, 25, 26, 27, 28, 29, 30, 31, 32, 33, 34, 35, 36, 37, 38, 39, 40, 41, 42, 43, 44, 45, 46, 47, 48, 49]
Batch: 0, name: train_batch_00 (size 23980), Accuracy: 0.17864444444444444
[Train-net] avg. new weights: 0.008846777
[Train-net] avg. new biases: 0.02088324
[Train-net] avg. other weights: -0.0021861892
[Train-net] avg. other biases: -0.005220937
[Train-net] tot weights avg. : 2.0404123e-05
[Test-net] avg. new weights: 0.008846777
[Test-net] avg. new biases: 0.02088324
[Test-net] avg. other weights: -0.0021861892
[Test-net] avg. other biases: -0.005220937
Acc. per class:
0: 0.884     	1: 0.0       	2: 0.0       	3: 0.0       	4: 0.0       	
5: 0.851     	6: 0.0       	7: 0.0       	8: 0.0       	9: 0.0       	
10: 0.779     	11: 0.0       	12: 0.0       	13: 0.0       	14: 0.0       	
15: 0.865     	16: 0.0       	17: 0.0       	18: 0.0       	19: 0.0       	
20: 0.957     	21: 0.0       	22: 0.0       	23: 0.0       	24: 0.0       	
25: 0.742     	26: 0.0       	27: 0.0       	28: 0.0       	29: 0.0       	
30: 0.986     	31: 0.0       	32: 0.0       	33: 0.0       	34: 0.0       	
35: 0.941     	36: 0.0       	37: 0.0       	38: 0.0       	39: 0.0       	
40: 0.983     	41: 0.0       	42: 0.0       	43: 0.0       	44: 0.0       	
45: 0.944     	46: 0.0       	47: 0.0       	48: 0.0       	49: 0.0       	
----------------------------
Batch: 1, name: train_batch_01 (size 35973), Accuracy: 0.2524222222222222
[Train-net] avg. new weights: 0.0052205534
[Train-net] avg. new biases: 0.009839625
[Train-net] avg. other weights: -0.0022082587
[Train-net] avg. other biases: -0.0042172014
[Train-net] tot weights avg. : 2.0384923e-05
[Test-net] avg. new weights: 0.0052205534
[Test-net] avg. new biases: 0.009839625
[Test-net] avg. other weights: -0.0022082587
[Test-net] avg. other biases: -0.0042172014
Acc. per class:
0: 0.814     	1: 0.0       	2: 0.0       	3: 0.0       	4: 0.0       	
5: 0.864     	6: 0.0       	7: 0.0       	8: 0.0       	9: 0.0       	
10: 0.649     	11: 0.0       	12: 0.0       	13: 0.0       	14: 0.0       	
15: 0.836     	16: 0.0       	17: 0.0       	18: 0.0       	19: 0.0       	
20: 0.897     	21: 0.0       	22: 0.0       	23: 0.0       	24: 0.0       	
25: 0.703     	26: 0.0       	27: 0.0       	28: 0.0       	29: 0.574     	
30: 0.98      	31: 0.0       	32: 0.0       	33: 0.0       	34: 0.992     	
35: 0.905     	36: 0.0       	37: 0.0       	38: 0.0       	39: 0.879     	
40: 0.981     	41: 0.0       	42: 0.0       	43: 0.0       	44: 1.0       	
45: 0.921     	46: 0.0       	47: 0.0       	48: 0.0       	49: 0.622     	
----------------------------
Batch: 2, name: train_batch_02 (size 47963), Accuracy: 0.31553333333333333
[Train-net] avg. new weights: 0.003275189
[Train-net] avg. new biases: 0.0054249885
[Train-net] avg. other weights: -0.0021495258
[Train-net] avg. other biases: -0.0036169917
[Train-net] tot weights avg. : 2.0360123e-05
[Test-net] avg. new weights: 0.003275189
[Test-net] avg. new biases: 0.0054249885
[Test-net] avg. other weights: -0.0021495258
[Test-net] avg. other biases: -0.0036169917
Acc. per class:
0: 0.771     	1: 0.0       	2: 0.836     	3: 0.0       	4: 0.0       	
5: 0.809     	6: 0.0       	7: 0.769     	8: 0.0       	9: 0.0       	
10: 0.596     	11: 0.0       	12: 0.397     	13: 0.0       	14: 0.0       	
15: 0.798     	16: 0.0       	17: 0.532     	18: 0.0       	19: 0.0       	
20: 0.861     	21: 0.0       	22: 0.897     	23: 0.0       	24: 0.0       	
25: 0.633     	26: 0.0       	27: 0.0       	28: 0.0       	29: 0.593     	
30: 0.981     	31: 0.0       	32: 0.0       	33: 0.0       	34: 0.98      	
35: 0.897     	36: 0.0       	37: 0.0       	38: 0.0       	39: 0.891     	
40: 0.989     	41: 0.0       	42: 0.0       	43: 0.0       	44: 0.999     	
45: 0.891     	46: 0.0       	47: 0.0       	48: 0.0       	49: 0.649     	
----------------------------
Batch: 3, name: train_batch_03 (size 59956), Accuracy: 0.3806888888888889
[Train-net] avg. new weights: 0.0023265856
[Train-net] avg. new biases: 0.003888808
[Train-net] avg. other weights: -0.0022858786
[Train-net] avg. other biases: -0.0038892282
[Train-net] tot weights avg. : 2.0353455e-05
[Test-net] avg. new weights: 0.0023265856
[Test-net] avg. new biases: 0.003888808
[Test-net] avg. other weights: -0.0022858786
[Test-net] avg. other biases: -0.0038892282
Acc. per class:
0: 0.743     	1: 0.0       	2: 0.706     	3: 0.0       	4: 0.0       	
5: 0.772     	6: 0.0       	7: 0.742     	8: 0.0       	9: 0.0       	
10: 0.632     	11: 0.0       	12: 0.396     	13: 0.0       	14: 0.0       	
15: 0.776     	16: 0.0       	17: 0.589     	18: 0.0       	19: 0.0       	
20: 0.838     	21: 0.0       	22: 0.865     	23: 0.0       	24: 0.0       	
25: 0.61      	26: 0.536     	27: 0.0       	28: 0.0       	29: 0.402     	
30: 0.989     	31: 0.923     	32: 0.0       	33: 0.0       	34: 0.981     	
35: 0.875     	36: 0.942     	37: 0.0       	38: 0.0       	39: 0.908     	
40: 0.879     	41: 0.612     	42: 0.0       	43: 0.0       	44: 0.997     	
45: 0.896     	46: 0.768     	47: 0.0       	48: 0.0       	49: 0.657     	
----------------------------
Batch: 4, name: train_batch_04 (size 71945), Accuracy: 0.43104444444444445
[Train-net] avg. new weights: 0.0016754012
[Train-net] avg. new biases: 0.0027954055
[Train-net] avg. other weights: -0.002462249
[Train-net] avg. other biases: -0.0041937
[Train-net] tot weights avg. : 2.03411e-05
[Test-net] avg. new weights: 0.0016754012
[Test-net] avg. new biases: 0.0027954055
[Test-net] avg. other weights: -0.002462249
[Test-net] avg. other biases: -0.0041937
Acc. per class:
0: 0.811     	1: 0.0       	2: 0.733     	3: 0.0       	4: 0.554     	
5: 0.749     	6: 0.0       	7: 0.814     	8: 0.0       	9: 0.523     	
10: 0.535     	11: 0.0       	12: 0.336     	13: 0.0       	14: 0.787     	
15: 0.67      	16: 0.0       	17: 0.498     	18: 0.0       	19: 0.464     	
20: 0.787     	21: 0.0       	22: 0.878     	23: 0.0       	24: 0.739     	
25: 0.624     	26: 0.447     	27: 0.0       	28: 0.0       	29: 0.439     	
30: 0.986     	31: 0.898     	32: 0.0       	33: 0.0       	34: 0.957     	
35: 0.857     	36: 0.918     	37: 0.0       	38: 0.0       	39: 0.793     	
40: 0.873     	41: 0.642     	42: 0.0       	43: 0.0       	44: 0.992     	
45: 0.812     	46: 0.804     	47: 0.0       	48: 0.0       	49: 0.628     	
----------------------------
Batch: 5, name: train_batch_05 (size 83924), Accuracy: 0.47835555555555553
[Train-net] avg. new weights: 0.001175285
[Train-net] avg. new biases: 0.0019834724
[Train-net] avg. other weights: -0.0026745829
[Train-net] avg. other biases: -0.0046290862
[Train-net] tot weights avg. : 2.0324587e-05
[Test-net] avg. new weights: 0.001175285
[Test-net] avg. new biases: 0.0019834724
[Test-net] avg. other weights: -0.0026745829
[Test-net] avg. other biases: -0.0046290862
Acc. per class:
0: 0.693     	1: 0.278     	2: 0.614     	3: 0.0       	4: 0.58      	
5: 0.738     	6: 0.781     	7: 0.551     	8: 0.0       	9: 0.453     	
10: 0.499     	11: 0.624     	12: 0.457     	13: 0.0       	14: 0.797     	
15: 0.721     	16: 0.301     	17: 0.498     	18: 0.0       	19: 0.342     	
20: 0.796     	21: 0.832     	22: 0.826     	23: 0.0       	24: 0.718     	
25: 0.624     	26: 0.57      	27: 0.0       	28: 0.0       	29: 0.43      	
30: 0.978     	31: 0.93      	32: 0.0       	33: 0.0       	34: 0.922     	
35: 0.909     	36: 0.929     	37: 0.0       	38: 0.0       	39: 0.819     	
40: 0.841     	41: 0.669     	42: 0.0       	43: 0.0       	44: 0.981     	
45: 0.786     	46: 0.763     	47: 0.0       	48: 0.0       	49: 0.661     	
----------------------------
Batch: 6, name: train_batch_06 (size 95914), Accuracy: 0.5330222222222222
[Train-net] avg. new weights: 0.00068813434
[Train-net] avg. new biases: 0.0011416243
[Train-net] avg. other weights: -0.002650961
[Train-net] avg. other biases: -0.004568138
[Train-net] tot weights avg. : 2.0315274e-05
[Test-net] avg. new weights: 0.00068813434
[Test-net] avg. new biases: 0.0011416243
[Test-net] avg. other weights: -0.002650961
[Test-net] avg. other biases: -0.004568138
Acc. per class:
0: 0.71      	1: 0.236     	2: 0.61      	3: 0.269     	4: 0.384     	
5: 0.72      	6: 0.669     	7: 0.562     	8: 0.528     	9: 0.464     	
10: 0.499     	11: 0.627     	12: 0.374     	13: 0.673     	14: 0.877     	
15: 0.734     	16: 0.339     	17: 0.488     	18: 0.745     	19: 0.339     	
20: 0.819     	21: 0.84      	22: 0.893     	23: 0.914     	24: 0.761     	
25: 0.544     	26: 0.513     	27: 0.0       	28: 0.0       	29: 0.484     	
30: 0.981     	31: 0.955     	32: 0.0       	33: 0.0       	34: 0.885     	
35: 0.898     	36: 0.9       	37: 0.0       	38: 0.0       	39: 0.877     	
40: 0.873     	41: 0.559     	42: 0.0       	43: 0.0       	44: 0.981     	
45: 0.766     	46: 0.736     	47: 0.0       	48: 0.0       	49: 0.622     	
----------------------------
Batch: 7, name: train_batch_07 (size 107901), Accuracy: 0.5858444444444444
[Train-net] avg. new weights: 0.0003249371
[Train-net] avg. new biases: 0.00052088115
[Train-net] avg. other weights: -0.0027212326
[Train-net] avg. other biases: -0.0046909293
[Train-net] tot weights avg. : 2.0320154e-05
[Test-net] avg. new weights: 0.0003249371
[Test-net] avg. new biases: 0.00052088115
[Test-net] avg. other weights: -0.0027212326
[Test-net] avg. other biases: -0.0046909293
Acc. per class:
0: 0.673     	1: 0.156     	2: 0.562     	3: 0.326     	4: 0.424     	
5: 0.689     	6: 0.695     	7: 0.481     	8: 0.27      	9: 0.529     	
10: 0.507     	11: 0.606     	12: 0.427     	13: 0.657     	14: 0.822     	
15: 0.652     	16: 0.201     	17: 0.379     	18: 0.785     	19: 0.354     	
20: 0.796     	21: 0.819     	22: 0.893     	23: 0.927     	24: 0.606     	
25: 0.4       	26: 0.496     	27: 0.729     	28: 0.0       	29: 0.436     	
30: 0.981     	31: 0.947     	32: 0.929     	33: 0.0       	34: 0.917     	
35: 0.877     	36: 0.882     	37: 0.811     	38: 0.0       	39: 0.797     	
40: 0.863     	41: 0.589     	42: 0.833     	43: 0.0       	44: 0.829     	
45: 0.799     	46: 0.667     	47: 0.708     	48: 0.0       	49: 0.566     	
----------------------------
Batch: 8, name: train_batch_08 (size 119894), Accuracy: 0.6568444444444445
[Train-net] avg. new weights: 2.0324189e-05
[Train-net] avg. new biases: -2.9343647e-07
[Train-net] avg. other weights: nan
[Train-net] avg. other biases: nan
[Train-net] tot weights avg. : 2.0324189e-05
[Test-net] avg. new weights: 2.0324189e-05
[Test-net] avg. new biases: -2.9343647e-07
[Test-net] avg. other weights: nan
[Test-net] avg. other biases: nan
Acc. per class:
0: 0.747     	1: 0.251     	2: 0.64      	3: 0.284     	4: 0.492     	
5: 0.697     	6: 0.625     	7: 0.43      	8: 0.263     	9: 0.548     	
10: 0.589     	11: 0.579     	12: 0.387     	13: 0.687     	14: 0.853     	
15: 0.641     	16: 0.201     	17: 0.594     	18: 0.805     	19: 0.329     	
20: 0.743     	21: 0.796     	22: 0.835     	23: 0.932     	24: 0.586     	
25: 0.576     	26: 0.385     	27: 0.732     	28: 0.586     	29: 0.31      	
30: 0.982     	31: 0.909     	32: 0.914     	33: 0.98      	34: 0.933     	
35: 0.835     	36: 0.925     	37: 0.793     	38: 0.571     	39: 0.751     	
40: 0.868     	41: 0.468     	42: 0.72      	43: 0.726     	44: 0.863     	
45: 0.729     	46: 0.731     	47: 0.697     	48: 0.602     	49: 0.72      	
----------------------------
